# JRE version: OpenJDK Runtime Environment (8.0_45-b13) (build 1.8.0_45-b13)
# Java VM: OpenJDK 64-Bit Server VM (25.45-b02 mixed mode linux-amd64 compressed oops)
Heap:
 PSYoungGen      total 27648K, used 4338K [0x00000000eb800000, 0x00000000ed580000, 0x0000000100000000)
  eden space 26112K, 16% used [0x00000000eb800000,0x00000000ebc24890,0x00000000ed180000)
  from space 1536K, 6% used [0x00000000ed400000,0x00000000ed418000,0x00000000ed580000)
  to   space 2048K, 0% used [0x00000000ed180000,0x00000000ed180000,0x00000000ed380000)
 ParOldGen       total 48640K, used 16690K [0x00000000c2800000, 0x00000000c5780000, 0x00000000eb800000)
  object space 48640K, 34% used [0x00000000c2800000,0x00000000c384cb10,0x00000000c5780000)
 Metaspace       used 25939K, capacity 26292K, committed 26496K, reserved 1073152K
  class space    used 2569K, capacity 2677K, committed 2688K, reserved 1048576K
GC Heap History (10 events):
Event: 150,839 GC heap before
{Heap before GC invocations=43 (full 1):
 PSYoungGen      total 29184K, used 28768K [0x00000000eb800000, 0x00000000eda00000, 0x0000000100000000)
  eden space 28672K, 100% used [0x00000000eb800000,0x00000000ed400000,0x00000000ed400000)
  from space 512K, 18% used [0x00000000ed480000,0x00000000ed498000,0x00000000ed500000)
  to   space 3072K, 0% used [0x00000000ed700000,0x00000000ed700000,0x00000000eda00000)
 ParOldGen       total 48640K, used 16690K [0x00000000c2800000, 0x00000000c5780000, 0x00000000eb800000)
  object space 48640K, 34% used [0x00000000c2800000,0x00000000c384cb10,0x00000000c5780000)
 Metaspace       used 25916K, capacity 26292K, committed 26496K, reserved 1073152K
  class space    used 2568K, capacity 2677K, committed 2688K, reserved 1048576K
Event: 150,847 GC heap after
Heap after GC invocations=43 (full 1):
 PSYoungGen      total 29696K, used 64K [0x00000000eb800000, 0x00000000ed880000, 0x0000000100000000)
  eden space 28160K, 0% used [0x00000000eb800000,0x00000000eb800000,0x00000000ed380000)
  from space 1536K, 4% used [0x00000000ed700000,0x00000000ed710000,0x00000000ed880000)
  to   space 2560K, 0% used [0x00000000ed380000,0x00000000ed380000,0x00000000ed600000)
 ParOldGen       total 48640K, used 16690K [0x00000000c2800000, 0x00000000c5780000, 0x00000000eb800000)
  object space 48640K, 34% used [0x00000000c2800000,0x00000000c384cb10,0x00000000c5780000)
 Metaspace       used 25916K, capacity 26292K, committed 26496K, reserved 1073152K
  class space    used 2568K, capacity 2677K, committed 2688K, reserved 1048576K
}
Event: 156,632 GC heap before
{Heap before GC invocations=44 (full 1):
 PSYoungGen      total 29696K, used 28224K [0x00000000eb800000, 0x00000000ed880000, 0x0000000100000000)
  eden space 28160K, 100% used [0x00000000eb800000,0x00000000ed380000,0x00000000ed380000)
  from space 1536K, 4% used [0x00000000ed700000,0x00000000ed710000,0x00000000ed880000)
  to   space 2560K, 0% used [0x00000000ed380000,0x00000000ed380000,0x00000000ed600000)
 ParOldGen       total 48640K, used 16690K [0x00000000c2800000, 0x00000000c5780000, 0x00000000eb800000)
  object space 48640K, 34% used [0x00000000c2800000,0x00000000c384cb10,0x00000000c5780000)
 Metaspace       used 25916K, capacity 26292K, committed 26496K, reserved 1073152K
  class space    used 2568K, capacity 2677K, committed 2688K, reserved 1048576K
Event: 156,633 GC heap after
Heap after GC invocations=44 (full 1):
 PSYoungGen      total 28160K, used 64K [0x00000000eb800000, 0x00000000ed800000, 0x0000000100000000)
  eden space 27648K, 0% used [0x00000000eb800000,0x00000000eb800000,0x00000000ed300000)
  from space 512K, 12% used [0x00000000ed380000,0x00000000ed390000,0x00000000ed400000)
  to   space 2560K, 0% used [0x00000000ed580000,0x00000000ed580000,0x00000000ed800000)
 ParOldGen       total 48640K, used 16690K [0x00000000c2800000, 0x00000000c5780000, 0x00000000eb800000)
  object space 48640K, 34% used [0x00000000c2800000,0x00000000c384cb10,0x00000000c5780000)
 Metaspace       used 25916K, capacity 26292K, committed 26496K, reserved 1073152K
  class space    used 2568K, capacity 2677K, committed 2688K, reserved 1048576K
}
Event: 163,753 GC heap before
{Heap before GC invocations=45 (full 1):
 PSYoungGen      total 28160K, used 27712K [0x00000000eb800000, 0x00000000ed800000, 0x0000000100000000)
  eden space 27648K, 100% used [0x00000000eb800000,0x00000000ed300000,0x00000000ed300000)
  from space 512K, 12% used [0x00000000ed380000,0x00000000ed390000,0x00000000ed400000)
  to   space 2560K, 0% used [0x00000000ed580000,0x00000000ed580000,0x00000000ed800000)
 ParOldGen       total 48640K, used 16690K [0x00000000c2800000, 0x00000000c5780000, 0x00000000eb800000)
  object space 48640K, 34% used [0x00000000c2800000,0x00000000c384cb10,0x00000000c5780000)
 Metaspace       used 25916K, capacity 26292K, committed 26496K, reserved 1073152K
  class space    used 2568K, capacity 2677K, committed 2688K, reserved 1048576K
Event: 163,759 GC heap after
Heap after GC invocations=45 (full 1):
 PSYoungGen      total 29184K, used 32K [0x00000000eb800000, 0x00000000ed780000, 0x0000000100000000)
  eden space 27136K, 0% used [0x00000000eb800000,0x00000000eb800000,0x00000000ed280000)
  from space 2048K, 1% used [0x00000000ed580000,0x00000000ed588000,0x00000000ed780000)
  to   space 2560K, 0% used [0x00000000ed280000,0x00000000ed280000,0x00000000ed500000)
 ParOldGen       total 48640K, used 16690K [0x00000000c2800000, 0x00000000c5780000, 0x00000000eb800000)
  object space 48640K, 34% used [0x00000000c2800000,0x00000000c384cb10,0x00000000c5780000)
 Metaspace       used 25916K, capacity 26292K, committed 26496K, reserved 1073152K
  class space    used 2568K, capacity 2677K, committed 2688K, reserved 1048576K
}
Event: 169,021 GC heap before
{Heap before GC invocations=46 (full 1):
 PSYoungGen      total 29184K, used 27168K [0x00000000eb800000, 0x00000000ed780000, 0x0000000100000000)
  eden space 27136K, 100% used [0x00000000eb800000,0x00000000ed280000,0x00000000ed280000)
  from space 2048K, 1% used [0x00000000ed580000,0x00000000ed588000,0x00000000ed780000)
  to   space 2560K, 0% used [0x00000000ed280000,0x00000000ed280000,0x00000000ed500000)
 ParOldGen       total 48640K, used 16690K [0x00000000c2800000, 0x00000000c5780000, 0x00000000eb800000)
  object space 48640K, 34% used [0x00000000c2800000,0x00000000c384cb10,0x00000000c5780000)
 Metaspace       used 25916K, capacity 26292K, committed 26496K, reserved 1073152K
  class space    used 2568K, capacity 2677K, committed 2688K, reserved 1048576K
Event: 169,023 GC heap after
Heap after GC invocations=46 (full 1):
 PSYoungGen      total 27136K, used 64K [0x00000000eb800000, 0x00000000ed600000, 0x0000000100000000)
  eden space 26624K, 0% used [0x00000000eb800000,0x00000000eb800000,0x00000000ed200000)
  from space 512K, 12% used [0x00000000ed280000,0x00000000ed290000,0x00000000ed300000)
  to   space 2048K, 0% used [0x00000000ed400000,0x00000000ed400000,0x00000000ed600000)
 ParOldGen       total 48640K, used 16690K [0x00000000c2800000, 0x00000000c5780000, 0x00000000eb800000)
  object space 48640K, 34% used [0x00000000c2800000,0x00000000c384cb10,0x00000000c5780000)
 Metaspace       used 25916K, capacity 26292K, committed 26496K, reserved 1073152K
  class space    used 2568K, capacity 2677K, committed 2688K, reserved 1048576K
}
Event: 175,324 GC heap before
{Heap before GC invocations=47 (full 1):
 PSYoungGen      total 27136K, used 26688K [0x00000000eb800000, 0x00000000ed600000, 0x0000000100000000)
  eden space 26624K, 100% used [0x00000000eb800000,0x00000000ed200000,0x00000000ed200000)
  from space 512K, 12% used [0x00000000ed280000,0x00000000ed290000,0x00000000ed300000)
  to   space 2048K, 0% used [0x00000000ed400000,0x00000000ed400000,0x00000000ed600000)
 ParOldGen       total 48640K, used 16690K [0x00000000c2800000, 0x00000000c5780000, 0x00000000eb800000)
  object space 48640K, 34% used [0x00000000c2800000,0x00000000c384cb10,0x00000000c5780000)
 Metaspace       used 25924K, capacity 26292K, committed 26496K, reserved 1073152K
  class space    used 2568K, capacity 2677K, committed 2688K, reserved 1048576K
Event: 175,326 GC heap after
Heap after GC invocations=47 (full 1):
 PSYoungGen      total 27648K, used 96K [0x00000000eb800000, 0x00000000ed580000, 0x0000000100000000)
  eden space 26112K, 0% used [0x00000000eb800000,0x00000000eb800000,0x00000000ed180000)
  from space 1536K, 6% used [0x00000000ed400000,0x00000000ed418000,0x00000000ed580000)
  to   space 2048K, 0% used [0x00000000ed180000,0x00000000ed180000,0x00000000ed380000)
 ParOldGen       total 48640K, used 16690K [0x00000000c2800000, 0x00000000c5780000, 0x00000000eb800000)
  object space 48640K, 34% used [0x00000000c2800000,0x00000000c384cb10,0x00000000c5780000)
 Metaspace       used 25924K, capacity 26292K, committed 26496K, reserved 1073152K
  class space    used 2568K, capacity 2677K, committed 2688K, reserved 1048576K
}

